Arguments: 
  C:\Program Files\nodejs\node.exe C:\Users\jaspe\AppData\Roaming\npm\node_modules\yarn\bin\yarn.js init -m

PATH: 
  C:\Program Files\Git\cmd;C:\MinGW\bin;C:\Python39\Scripts\;C:\Python39\;C:\Program Files (x86)\Common Files\Oracle\Java\javapath;C:\WINDOWS\system32;C:\WINDOWS;C:\ProgramData\chocolatey\bin;C:\Program Files\LLVM\bin;C:\WINDOWS\System32\Wbem;C:\WINDOWS\System32\WindowsPowerShell\v1.0\;C:\WINDOWS\System32\OpenSSH\;C:\Program Files\nodejs\;C:\Ruby27-x64\bin;C:\Users\jaspe\bin;C:\Ruby30-x64\bin;C:\msys64\mingw64\bin;C:\Users\jaspe\anaconda3;C:\Users\jaspe\anaconda3\Library\mingw-w64\bin;C:\Users\jaspe\anaconda3\Library\usr\bin;C:\Users\jaspe\anaconda3\Library\bin;C:\Users\jaspe\anaconda3\Scripts;C:\Users\jaspe\AppData\Local\Microsoft\WindowsApps;C:\Users\jaspe\AppData\Local\Programs\Microsoft VS Code\bin;C:\MinGW\bin;C:\Program Files\Inkscape\bin;C:\ProgramData\Microsoft\Windows\Start Menu\Programs\Node.js;C:\php;C:\phantomjs\bin;C:\Program Files\heroku\bin;C:\Users\jaspe\AppData\Local\Programs\MiKTeX\miktex\bin\x64\;C:\Users\jaspe\AppData\Roaming\npm

Yarn version: 
  1.22.17

Node version: 
  16.13.0

Platform: 
  win32 x64

Trace: 
  Error: canceled
      at Interface.<anonymous> (C:\Users\jaspe\AppData\Roaming\npm\node_modules\yarn\lib\cli.js:137143:13)
      at Interface.emit (node:events:390:28)
      at Interface._ttyWrite (node:readline:1081:16)
      at ReadStream.onkeypress (node:readline:288:10)
      at ReadStream.emit (node:events:390:28)
      at emitKeys (node:internal/readline/utils:358:14)
      at emitKeys.next (<anonymous>)
      at ReadStream.onData (node:internal/readline/emitKeypressEvents:61:36)
      at ReadStream.emit (node:events:390:28)
      at addChunk (node:internal/streams/readable:315:12)

npm manifest: 
  {
    "name": "mrchueh",
    "version": "0.1.0",
    "private": true,
    "scripts": {
      "start": "cd frontend && yarn start"
    }
  }

yarn manifest: 
  No manifest

Lockfile: 
  No lockfile
